[2015-04-28 10:53:58.139] - [DEBUG] [RequestId:771ddcc8-5ae7-4d6f-bd1c-2d23ec775ee2]{"password":"1234","phone_number":"8182884341","pin":"1234","email":"shdatta@gmail.com","username":"shdatta"}
[2015-04-28 10:54:39.661] - [DEBUG] [RequestId:a5b328f5-4f91-4db6-bdee-a63497b1338f]{"expiry":"04/2018","id":"-1","nick_name":"VISA","card_number":"4111111111111111","phone_number":"8182884341","cvc":"1234","name":"srikanta Nanjappa"}
[2015-04-28 10:55:25.732] - [DEBUG] [RequestId:c4f90326-5c0e-4560-ac28-00ce9a6464b6]{"phone_number":"8182884341","id":"81a91a79-fc95-4bf5-9488-29accfe45d41","amount":"10.00","intuitId":"intuitId","pin":"1234"}
[2015-04-28 10:59:39.699] - [DEBUG] [RequestId:35bd13ac-9d23-4728-ac0d-21a0e3099f88]{"password":"1234","phone_number":"8182884341","pin":"1234","email":"shdatta@gmail.com","username":"shdatta"}
[2015-04-28 11:00:58.688] - [DEBUG] [RequestId:ca3941b0-a463-44b9-b8e2-82e8d36bc0d6]{"expiry":"04/2018","id":"-1","nick_name":"VISA","card_number":"4111111111111111","phone_number":"8182884341","cvc":"1234","name":"shdatta"}
[2015-04-28 11:01:40.513] - [DEBUG] [RequestId:2a9ccb06-88b5-4f75-ab44-137e55b8a838]{"phone_number":"8182884341","id":"44bdfc7e-eba5-4a03-8d84-c743b9ce14c4","amount":"10.00","intuitId":"intuitId","pin":"1234"}
[2015-04-28 11:06:52.099] - [DEBUG] [RequestId:5e41d9c3-c6c8-4bbc-bb39-ce7134a9fea6]{"password":"1234","phone_number":"8182884341","pin":"1234","email":"shdatta@gmail.com","username":"shdatta"}
[2015-04-28 11:07:37.138] - [DEBUG] [RequestId:e99c26c9-dd77-431f-8eae-80b25b07d563]{"expiry":"04/2018","id":"-1","nick_name":"VISA","card_number":"4111111111111111","phone_number":"8182884341","cvc":"1234","name":"shdatta"}
[2015-04-28 11:07:58.652] - [DEBUG] [RequestId:29793eee-e3cc-472c-b4fd-63add9bb24a2]{"phone_number":"8182884341","id":"82d6f8ba-ade7-4c89-a7e2-64a315c546ce","amount":"10.00","intuitId":"intuitId","pin":"1234"}
[2015-04-28 11:11:04.866] - [DEBUG] [RequestId:27ecf4b1-e66f-46fb-be1e-8cd773224789]{"phone_number":"8182884341","id":"82d6f8ba-ade7-4c89-a7e2-64a315c546ce","amount":"10.00","intuitId":"intuitId","pin":"123"}
[2015-04-28 11:13:00.989] - [DEBUG] [RequestId:3a627d53-5361-4cda-996e-eb499c111f32]{"phone_number":"8182884341","amount":"10","id":"82d6f8ba-ade7-4c89-a7e2-64a315c546ce","intuitId":"shdatta","pin":"12"}
[2015-04-28 11:14:09.267] - [DEBUG] [RequestId:775061c1-9929-47ea-a50d-d268beaf6756]{"phone_number":"8182884341","amount":"1","id":"82d6f8ba-ade7-4c89-a7e2-64a315c546ce","intuitId":"1","pin":"12"}
[2015-04-28 11:22:47.773] - [DEBUG] [RequestId:8c84cf78-a9e4-4dae-96a4-7dc0e8c9ad46]{"phone_number":"8182884341","amount":"10","id":"82d6f8ba-ade7-4c89-a7e2-64a315c546ce","intuitId":"12","pin":"12"}
[2015-04-28 11:24:54.479] - [DEBUG] [RequestId:d2109f17-d32f-45b4-a2fb-5fac06e09549]{"phone_number":"8182884341","amount":"12","id":"82d6f8ba-ade7-4c89-a7e2-64a315c546ce","intuitId":"12","pin":"12"}
[2015-04-28 11:25:39.128] - [DEBUG] [RequestId:06ec5d36-8640-4966-9a9c-736c100b834a]{"phone_number":"8182884341","amount":"12","id":"82d6f8ba-ade7-4c89-a7e2-64a315c546ce","intuitId":"12","pin":"12"}
[2015-04-28 11:30:08.994] - [DEBUG] [RequestId:84fd5839-9689-40cc-b9b1-142a18327ece]{"phone_number":"8182884341","amount":"12","id":"82d6f8ba-ade7-4c89-a7e2-64a315c546ce","intuitId":"12","pin":"12"}
[2015-04-28 11:31:11.729] - [DEBUG] [RequestId:9ce7ca57-7263-4b90-8ec8-bda04b08e48f]{"phone_number":"8182884341","amount":"21","id":"82d6f8ba-ade7-4c89-a7e2-64a315c546ce","intuitId":"12","pin":"ew"}
[2015-04-28 11:37:30.047] - [DEBUG] [RequestId:c1871498-0b0b-4021-9704-493cdeeb1d26]{"phone_number":"8182884341","amount":"1","id":"82d6f8ba-ade7-4c89-a7e2-64a315c546ce","intuitId":"1","pin":"12"}
[2015-04-28 11:42:44.620] - [DEBUG] [RequestId:91e859da-52f0-4891-9e6c-db6144104df5]{"phone_number":"8182884341","amount":"12","id":"82d6f8ba-ade7-4c89-a7e2-64a315c546ce","intuitId":"12","pin":"12"}
[2015-04-28 11:43:03.883] - [DEBUG] [RequestId:440d9e96-113a-4319-8e8c-07894e939f75]{"phone_number":"8182884341","amount":"12","id":"82d6f8ba-ade7-4c89-a7e2-64a315c546ce","intuitId":"12","pin":"12"}
[2015-04-28 11:44:13.523] - [DEBUG] [RequestId:2db6ca84-a7ff-4a56-8372-82577d15015c]{"phone_number":"8182884341","amount":"21","id":"82d6f8ba-ade7-4c89-a7e2-64a315c546ce","intuitId":"12","pin":"12"}
[2015-04-28 11:46:27.580] - [DEBUG] [RequestId:d4c4ce13-1307-43e6-b8a1-4eebc4045115]{"phone_number":"8182884341","amount":"12","id":"82d6f8ba-ade7-4c89-a7e2-64a315c546ce","intuitId":"23","pin":"12"}
[2015-04-28 11:47:04.053] - [DEBUG] [RequestId:9e8f2cf6-98ae-4420-b691-8de1afe3aab6]{"phone_number":"8182884341","amount":"22","id":"82d6f8ba-ade7-4c89-a7e2-64a315c546ce","intuitId":"23","pin":"1234"}
[2015-04-28 11:47:06.370] - [DEBUG] [RequestId:9e8f2cf6-98ae-4420-b691-8de1afe3aab6]{"created":"2015-04-28T18:47:06Z","status":"CAPTURED","amount":"22.00","currency":"USD","card":{"number":"xxxxxxxxxxxx1111","cvc":"xxxx","name":"shdatta","expMonth":"04","expYear":"2018"},"capture":true,"id":"YY1006017312","authCode":"395541","RequestId":"9e8f2cf6-98ae-4420-b691-8de1afe3aab6","merchant":"Intuit Software Services"}
[2015-04-28 14:17:05.557] - [DEBUG] [RequestId:49d1e603-c934-447c-b100-93c7faa54b6d]{"phone_number":"8182884341","amount":"12.00","id":"82d6f8ba-ade7-4c89-a7e2-64a315c546ce","intuitId":"1234","pin":"1234"}
[2015-04-28 14:17:18.750] - [DEBUG] [RequestId:49d1e603-c934-447c-b100-93c7faa54b6d]{"created":"2015-04-28T21:17:16Z","status":"CAPTURED","amount":"12.00","currency":"USD","card":{"number":"xxxxxxxxxxxx1111","cvc":"xxxx","name":"shdatta","expMonth":"04","expYear":"2018"},"capture":true,"id":"YY1006017421","authCode":"79598","RequestId":"49d1e603-c934-447c-b100-93c7faa54b6d","merchant":"Intuit Software Services"}
[2015-04-28 14:25:20.240] - [DEBUG] [RequestId:93a3c558-e420-4eba-a4bd-c70e1235af6f]{"phone_number":"8182884341","amount":"12","id":"82d6f8ba-ade7-4c89-a7e2-64a315c546ce","intuitId":"12","pin":"1234"}
[2015-04-28 14:25:45.205] - [DEBUG] [RequestId:93a3c558-e420-4eba-a4bd-c70e1235af6f]{"created":"2015-04-28T21:25:31Z","status":"CAPTURED","amount":"12.00","currency":"USD","card":{"number":"xxxxxxxxxxxx1111","cvc":"xxxx","name":"shdatta","expMonth":"04","expYear":"2018"},"capture":true,"id":"YY1006017426","authCode":"580071","RequestId":"93a3c558-e420-4eba-a4bd-c70e1235af6f","merchant":"Intuit Software Services"}
[2015-04-28 14:27:44.932] - [DEBUG] [RequestId:881d6365-2966-4728-8873-d152ddbe70b8]{"phone_number":"8182884341","amount":"2","id":"82d6f8ba-ade7-4c89-a7e2-64a315c546ce","intuitId":"12","pin":"1234"}
[2015-04-28 14:28:03.949] - [DEBUG] [RequestId:881d6365-2966-4728-8873-d152ddbe70b8]{"created":"2015-04-28T21:27:54Z","status":"CAPTURED","amount":"2.00","currency":"USD","card":{"number":"xxxxxxxxxxxx1111","cvc":"xxxx","name":"shdatta","expMonth":"04","expYear":"2018"},"capture":true,"id":"YY1006017429","authCode":"576383","RequestId":"881d6365-2966-4728-8873-d152ddbe70b8","merchant":"Intuit Software Services"}
[2015-04-28 14:31:35.821] - [DEBUG] [RequestId:d2d58829-ce2f-4f96-8150-ead2afa74b76]{"phone_number":"8182884341","amount":"2","id":"82d6f8ba-ade7-4c89-a7e2-64a315c546ce","intuitId":"12","pin":"1234"}
[2015-04-28 14:31:42.172] - [DEBUG] [RequestId:d2d58829-ce2f-4f96-8150-ead2afa74b76]{"created":"2015-04-28T21:31:37Z","status":"CAPTURED","amount":"2.00","currency":"USD","card":{"number":"xxxxxxxxxxxx1111","cvc":"xxxx","name":"shdatta","expMonth":"04","expYear":"2018"},"capture":true,"id":"YY1006017430","authCode":"4244","RequestId":"d2d58829-ce2f-4f96-8150-ead2afa74b76","merchant":"Intuit Software Services"}
[2015-04-28 14:33:52.350] - [DEBUG] [RequestId:f724dc16-4b44-418e-910f-91c1743bc7fc]{"phone_number":"8182884341","amount":"2","id":"82d6f8ba-ade7-4c89-a7e2-64a315c546ce","intuitId":"12","pin":"1234"}
[2015-04-28 14:33:59.267] - [DEBUG] [RequestId:f724dc16-4b44-418e-910f-91c1743bc7fc]{"created":"2015-04-28T21:33:56Z","status":"CAPTURED","amount":"2.00","currency":"USD","card":{"number":"xxxxxxxxxxxx1111","cvc":"xxxx","name":"shdatta","expMonth":"04","expYear":"2018"},"capture":true,"id":"YY1006017431","authCode":"459346","RequestId":"f724dc16-4b44-418e-910f-91c1743bc7fc","merchant":"Intuit Software Services"}
[2015-04-28 14:36:06.533] - [DEBUG] [RequestId:806b0127-235d-4025-b368-b19ca969134e]{"phone_number":"8182884341","amount":"2","id":"82d6f8ba-ade7-4c89-a7e2-64a315c546ce","intuitId":"12","pin":"1234"}
[2015-04-28 14:36:14.562] - [DEBUG] [RequestId:806b0127-235d-4025-b368-b19ca969134e]{"errors":[{"code":"PMT-3000","type":"account_error","message":"The merchant account could not be validated.","infoLink":"https://developer.intuit.com/v2/docs?redirectID=PayErrors"}],"RequestId":"806b0127-235d-4025-b368-b19ca969134e","merchant":"Intuit Software Services"}
[2015-04-28 14:40:35.728] - [DEBUG] [RequestId:27615973-8109-4283-9150-a3e6157b14b6]{"phone_number":"8182884341","amount":"1","id":"82d6f8ba-ade7-4c89-a7e2-64a315c546ce","intuitId":"1","pin":"1234"}
[2015-04-28 14:40:39.959] - [DEBUG] [RequestId:27615973-8109-4283-9150-a3e6157b14b6]{"errors":[{"code":"PMT-3000","type":"account_error","message":"The merchant account could not be validated.","infoLink":"https://developer.intuit.com/v2/docs?redirectID=PayErrors"}],"RequestId":"27615973-8109-4283-9150-a3e6157b14b6","merchant":"Intuit Software Services"}
[2015-04-28 14:44:57.845] - [DEBUG] [RequestId:68410f50-fcb4-4d3b-9b44-249e6b1f5c78]{"phone_number":"8182884341","amount":"1","id":"82d6f8ba-ade7-4c89-a7e2-64a315c546ce","intuitId":"1","pin":"1234"}
[2015-04-28 14:45:19.629] - [DEBUG] [RequestId:68410f50-fcb4-4d3b-9b44-249e6b1f5c78]{"created":"2015-04-28T21:45:00Z","status":"CAPTURED","amount":"1.00","currency":"USD","card":{"number":"xxxxxxxxxxxx1111","cvc":"xxxx","name":"shdatta","expMonth":"04","expYear":"2018"},"capture":true,"id":"YY1006017435","authCode":"835408","RequestId":"68410f50-fcb4-4d3b-9b44-249e6b1f5c78","merchant":"Intuit Software Services"}
